# JRE version: OpenJDK Runtime Environment Temurin-11.0.17+8 (11.0.17+8) (build 11.0.17+8)
# Java VM: OpenJDK 64-Bit Server VM Temurin-11.0.17+8 (11.0.17+8, mixed mode, tiered, compressed oops, g1 gc, linux-amd64)
Heap:
 garbage-first heap   total 262144K, used 105402K [0x00000000c0000000, 0x0000000100000000)
  region size 1024K, 61 young (62464K), 3 survivors (3072K)
 Metaspace       used 69231K, capacity 74786K, committed 74916K, reserved 1114112K
  class space    used 7943K, capacity 9781K, committed 9804K, reserved 1048576K
GC Heap History (20 events):
Event: 0.772 GC heap before
{Heap before GC invocations=0 (full 0):
 garbage-first heap   total 262144K, used 23552K [0x00000000c0000000, 0x0000000100000000)
  region size 1024K, 24 young (24576K), 0 survivors (0K)
 Metaspace       used 13985K, capacity 14168K, committed 14464K, reserved 1062912K
  class space    used 1272K, capacity 1335K, committed 1408K, reserved 1048576K
}
Event: 0.780 GC heap after
{Heap after GC invocations=1 (full 0):
 garbage-first heap   total 262144K, used 3796K [0x00000000c0000000, 0x0000000100000000)
  region size 1024K, 3 young (3072K), 3 survivors (3072K)
 Metaspace       used 13985K, capacity 14168K, committed 14464K, reserved 1062912K
  class space    used 1272K, capacity 1335K, committed 1408K, reserved 1048576K
}
Event: 1.825 GC heap before
{Heap before GC invocations=1 (full 0):
 garbage-first heap   total 262144K, used 157396K [0x00000000c0000000, 0x0000000100000000)
  region size 1024K, 153 young (156672K), 3 survivors (3072K)
 Metaspace       used 15540K, capacity 15783K, committed 16128K, reserved 1064960K
  class space    used 1366K, capacity 1423K, committed 1536K, reserved 1048576K
}
Event: 1.849 GC heap after
{Heap after GC invocations=2 (full 0):
 garbage-first heap   total 262144K, used 41000K [0x00000000c0000000, 0x0000000100000000)
  region size 1024K, 20 young (20480K), 20 survivors (20480K)
 Metaspace       used 15540K, capacity 15783K, committed 16128K, reserved 1064960K
  class space    used 1366K, capacity 1423K, committed 1536K, reserved 1048576K
}
Event: 2.158 GC heap before
{Heap before GC invocations=2 (full 0):
 garbage-first heap   total 262144K, used 68648K [0x00000000c0000000, 0x0000000100000000)
  region size 1024K, 48 young (49152K), 20 survivors (20480K)
 Metaspace       used 18291K, capacity 18859K, committed 19072K, reserved 1067008K
  class space    used 1673K, capacity 1875K, committed 1920K, reserved 1048576K
}
Event: 2.174 GC heap after
{Heap after GC invocations=3 (full 0):
 garbage-first heap   total 262144K, used 37755K [0x00000000c0000000, 0x0000000100000000)
  region size 1024K, 4 young (4096K), 4 survivors (4096K)
 Metaspace       used 18291K, capacity 18859K, committed 19072K, reserved 1067008K
  class space    used 1673K, capacity 1875K, committed 1920K, reserved 1048576K
}
Event: 2.268 GC heap before
{Heap before GC invocations=3 (full 0):
 garbage-first heap   total 262144K, used 49019K [0x00000000c0000000, 0x0000000100000000)
  region size 1024K, 12 young (12288K), 4 survivors (4096K)
 Metaspace       used 19174K, capacity 19804K, committed 19968K, reserved 1067008K
  class space    used 1766K, capacity 1956K, committed 2048K, reserved 1048576K
}
Event: 2.275 GC heap after
{Heap after GC invocations=4 (full 0):
 garbage-first heap   total 262144K, used 44032K [0x00000000c0000000, 0x0000000100000000)
  region size 1024K, 2 young (2048K), 2 survivors (2048K)
 Metaspace       used 19174K, capacity 19804K, committed 19968K, reserved 1067008K
  class space    used 1766K, capacity 1956K, committed 2048K, reserved 1048576K
}
Event: 2.310 GC heap before
{Heap before GC invocations=4 (full 0):
 garbage-first heap   total 262144K, used 55296K [0x00000000c0000000, 0x0000000100000000)
  region size 1024K, 12 young (12288K), 2 survivors (2048K)
 Metaspace       used 19200K, capacity 19868K, committed 19968K, reserved 1067008K
  class space    used 1766K, capacity 1956K, committed 2048K, reserved 1048576K
}
Event: 2.313 GC heap after
{Heap after GC invocations=5 (full 0):
 garbage-first heap   total 262144K, used 45607K [0x00000000c0000000, 0x0000000100000000)
  region size 1024K, 1 young (1024K), 1 survivors (1024K)
 Metaspace       used 19200K, capacity 19868K, committed 19968K, reserved 1067008K
  class space    used 1766K, capacity 1956K, committed 2048K, reserved 1048576K
}
Event: 2.669 GC heap before
{Heap before GC invocations=5 (full 0):
 garbage-first heap   total 262144K, used 83495K [0x00000000c0000000, 0x0000000100000000)
  region size 1024K, 39 young (39936K), 1 survivors (1024K)
 Metaspace       used 19722K, capacity 20384K, committed 20480K, reserved 1067008K
  class space    used 1768K, capacity 1956K, committed 2048K, reserved 1048576K
}
Event: 2.674 GC heap after
{Heap after GC invocations=6 (full 0):
 garbage-first heap   total 262144K, used 45626K [0x00000000c0000000, 0x0000000100000000)
  region size 1024K, 5 young (5120K), 5 survivors (5120K)
 Metaspace       used 19722K, capacity 20384K, committed 20480K, reserved 1067008K
  class space    used 1768K, capacity 1956K, committed 2048K, reserved 1048576K
}
Event: 2.807 GC heap before
{Heap before GC invocations=6 (full 0):
 garbage-first heap   total 262144K, used 57914K [0x00000000c0000000, 0x0000000100000000)
  region size 1024K, 18 young (18432K), 5 survivors (5120K)
 Metaspace       used 20420K, capacity 21171K, committed 21296K, reserved 1069056K
  class space    used 1835K, capacity 2126K, committed 2176K, reserved 1048576K
}
Event: 2.813 GC heap after
{Heap after GC invocations=7 (full 0):
 garbage-first heap   total 262144K, used 48638K [0x00000000c0000000, 0x0000000100000000)
  region size 1024K, 4 young (4096K), 4 survivors (4096K)
 Metaspace       used 20420K, capacity 21171K, committed 21296K, reserved 1069056K
  class space    used 1835K, capacity 2126K, committed 2176K, reserved 1048576K
}
Event: 3.910 GC heap before
{Heap before GC invocations=8 (full 0):
 garbage-first heap   total 262144K, used 78334K [0x00000000c0000000, 0x0000000100000000)
  region size 1024K, 47 young (48128K), 4 survivors (4096K)
 Metaspace       used 33974K, capacity 36335K, committed 36476K, reserved 1081344K
  class space    used 3444K, capacity 4223K, committed 4300K, reserved 1048576K
}
Event: 3.919 GC heap after
{Heap after GC invocations=9 (full 0):
 garbage-first heap   total 262144K, used 36763K [0x00000000c0000000, 0x0000000100000000)
  region size 1024K, 8 young (8192K), 8 survivors (8192K)
 Metaspace       used 33974K, capacity 36335K, committed 36476K, reserved 1081344K
  class space    used 3444K, capacity 4223K, committed 4300K, reserved 1048576K
}
Event: 5.711 GC heap before
{Heap before GC invocations=10 (full 0):
 garbage-first heap   total 262144K, used 131995K [0x00000000c0000000, 0x0000000100000000)
  region size 1024K, 89 young (91136K), 8 survivors (8192K)
 Metaspace       used 54883K, capacity 59342K, committed 59516K, reserved 1101824K
  class space    used 6066K, capacity 7592K, committed 7628K, reserved 1048576K
}
Event: 5.722 GC heap after
{Heap after GC invocations=11 (full 0):
 garbage-first heap   total 262144K, used 50188K [0x00000000c0000000, 0x0000000100000000)
  region size 1024K, 12 young (12288K), 12 survivors (12288K)
 Metaspace       used 54883K, capacity 59342K, committed 59516K, reserved 1101824K
  class space    used 6066K, capacity 7592K, committed 7628K, reserved 1048576K
}
Event: 6.023 GC heap before
{Heap before GC invocations=11 (full 0):
 garbage-first heap   total 262144K, used 66572K [0x00000000c0000000, 0x0000000100000000)
  region size 1024K, 29 young (29696K), 12 survivors (12288K)
 Metaspace       used 56317K, capacity 60997K, committed 61220K, reserved 1103872K
  class space    used 6235K, capacity 7792K, committed 7884K, reserved 1048576K
}
Event: 6.039 GC heap after
{Heap after GC invocations=12 (full 0):
 garbage-first heap   total 262144K, used 47034K [0x00000000c0000000, 0x0000000100000000)
  region size 1024K, 3 young (3072K), 3 survivors (3072K)
 Metaspace       used 56317K, capacity 60997K, committed 61220K, reserved 1103872K
  class space    used 6235K, capacity 7792K, committed 7884K, reserved 1048576K
}

