# JRE version: OpenJDK Runtime Environment Temurin-11.0.17+8 (11.0.17+8) (build 11.0.17+8)
# Java VM: OpenJDK 64-Bit Server VM Temurin-11.0.17+8 (11.0.17+8, mixed mode, tiered, compressed oops, g1 gc, linux-amd64)
Heap:
 garbage-first heap   total 262144K, used 104794K [0x00000000c0000000, 0x0000000100000000)
  region size 1024K, 61 young (62464K), 3 survivors (3072K)
 Metaspace       used 69277K, capacity 74856K, committed 75088K, reserved 1114112K
  class space    used 7934K, capacity 9783K, committed 9804K, reserved 1048576K
GC Heap History (20 events):
Event: 0.587 GC heap before
{Heap before GC invocations=0 (full 0):
 garbage-first heap   total 262144K, used 23552K [0x00000000c0000000, 0x0000000100000000)
  region size 1024K, 24 young (24576K), 0 survivors (0K)
 Metaspace       used 13928K, capacity 14104K, committed 14464K, reserved 1062912K
  class space    used 1271K, capacity 1335K, committed 1408K, reserved 1048576K
}
Event: 0.594 GC heap after
{Heap after GC invocations=1 (full 0):
 garbage-first heap   total 262144K, used 3812K [0x00000000c0000000, 0x0000000100000000)
  region size 1024K, 3 young (3072K), 3 survivors (3072K)
 Metaspace       used 13928K, capacity 14104K, committed 14464K, reserved 1062912K
  class space    used 1271K, capacity 1335K, committed 1408K, reserved 1048576K
}
Event: 1.653 GC heap before
{Heap before GC invocations=1 (full 0):
 garbage-first heap   total 262144K, used 157412K [0x00000000c0000000, 0x0000000100000000)
  region size 1024K, 153 young (156672K), 3 survivors (3072K)
 Metaspace       used 15541K, capacity 15848K, committed 16128K, reserved 1064960K
  class space    used 1365K, capacity 1423K, committed 1536K, reserved 1048576K
}
Event: 1.696 GC heap after
{Heap after GC invocations=2 (full 0):
 garbage-first heap   total 262144K, used 40731K [0x00000000c0000000, 0x0000000100000000)
  region size 1024K, 20 young (20480K), 20 survivors (20480K)
 Metaspace       used 15541K, capacity 15848K, committed 16128K, reserved 1064960K
  class space    used 1365K, capacity 1423K, committed 1536K, reserved 1048576K
}
Event: 1.837 GC heap before
{Heap before GC invocations=2 (full 0):
 garbage-first heap   total 262144K, used 63259K [0x00000000c0000000, 0x0000000100000000)
  region size 1024K, 43 young (44032K), 20 survivors (20480K)
 Metaspace       used 16052K, capacity 16457K, committed 16640K, reserved 1064960K
  class space    used 1406K, capacity 1478K, committed 1536K, reserved 1048576K
}
Event: 1.855 GC heap after
{Heap after GC invocations=3 (full 0):
 garbage-first heap   total 262144K, used 37251K [0x00000000c0000000, 0x0000000100000000)
  region size 1024K, 4 young (4096K), 4 survivors (4096K)
 Metaspace       used 16052K, capacity 16457K, committed 16640K, reserved 1064960K
  class space    used 1406K, capacity 1478K, committed 1536K, reserved 1048576K
}
Event: 2.071 GC heap before
{Heap before GC invocations=3 (full 0):
 garbage-first heap   total 262144K, used 48515K [0x00000000c0000000, 0x0000000100000000)
  region size 1024K, 12 young (12288K), 4 survivors (4096K)
 Metaspace       used 19147K, capacity 19795K, committed 19968K, reserved 1067008K
  class space    used 1766K, capacity 1956K, committed 2048K, reserved 1048576K
}
Event: 2.090 GC heap after
{Heap after GC invocations=4 (full 0):
 garbage-first heap   total 262144K, used 44032K [0x00000000c0000000, 0x0000000100000000)
  region size 1024K, 2 young (2048K), 2 survivors (2048K)
 Metaspace       used 19147K, capacity 19795K, committed 19968K, reserved 1067008K
  class space    used 1766K, capacity 1956K, committed 2048K, reserved 1048576K
}
Event: 2.115 GC heap before
{Heap before GC invocations=4 (full 0):
 garbage-first heap   total 262144K, used 54272K [0x00000000c0000000, 0x0000000100000000)
  region size 1024K, 12 young (12288K), 2 survivors (2048K)
 Metaspace       used 19147K, capacity 19795K, committed 19968K, reserved 1067008K
  class space    used 1766K, capacity 1956K, committed 2048K, reserved 1048576K
}
Event: 2.127 GC heap after
{Heap after GC invocations=5 (full 0):
 garbage-first heap   total 262144K, used 44443K [0x00000000c0000000, 0x0000000100000000)
  region size 1024K, 1 young (1024K), 1 survivors (1024K)
 Metaspace       used 19147K, capacity 19795K, committed 19968K, reserved 1067008K
  class space    used 1766K, capacity 1956K, committed 2048K, reserved 1048576K
}
Event: 2.375 GC heap before
{Heap before GC invocations=5 (full 0):
 garbage-first heap   total 262144K, used 60827K [0x00000000c0000000, 0x0000000100000000)
  region size 1024K, 17 young (17408K), 1 survivors (1024K)
 Metaspace       used 19510K, capacity 20253K, committed 20480K, reserved 1067008K
  class space    used 1766K, capacity 1956K, committed 2048K, reserved 1048576K
}
Event: 2.378 GC heap after
{Heap after GC invocations=6 (full 0):
 garbage-first heap   total 262144K, used 47506K [0x00000000c0000000, 0x0000000100000000)
  region size 1024K, 3 young (3072K), 3 survivors (3072K)
 Metaspace       used 19510K, capacity 20253K, committed 20480K, reserved 1067008K
  class space    used 1766K, capacity 1956K, committed 2048K, reserved 1048576K
}
Event: 2.837 GC heap before
{Heap before GC invocations=6 (full 0):
 garbage-first heap   total 262144K, used 85394K [0x00000000c0000000, 0x0000000100000000)
  region size 1024K, 42 young (43008K), 3 survivors (3072K)
 Metaspace       used 20395K, capacity 21139K, committed 21296K, reserved 1069056K
  class space    used 1828K, capacity 2092K, committed 2176K, reserved 1048576K
}
Event: 2.844 GC heap after
{Heap after GC invocations=7 (full 0):
 garbage-first heap   total 262144K, used 48100K [0x00000000c0000000, 0x0000000100000000)
  region size 1024K, 6 young (6144K), 6 survivors (6144K)
 Metaspace       used 20395K, capacity 21139K, committed 21296K, reserved 1069056K
  class space    used 1828K, capacity 2092K, committed 2176K, reserved 1048576K
}
Event: 3.857 GC heap before
{Heap before GC invocations=8 (full 0):
 garbage-first heap   total 262144K, used 76772K [0x00000000c0000000, 0x0000000100000000)
  region size 1024K, 48 young (49152K), 6 survivors (6144K)
 Metaspace       used 33805K, capacity 36243K, committed 36348K, reserved 1081344K
  class space    used 3423K, capacity 4193K, committed 4224K, reserved 1048576K
}
Event: 3.872 GC heap after
{Heap after GC invocations=9 (full 0):
 garbage-first heap   total 262144K, used 35633K [0x00000000c0000000, 0x0000000100000000)
  region size 1024K, 7 young (7168K), 7 survivors (7168K)
 Metaspace       used 33805K, capacity 36243K, committed 36348K, reserved 1081344K
  class space    used 3423K, capacity 4193K, committed 4224K, reserved 1048576K
}
Event: 5.789 GC heap before
{Heap before GC invocations=10 (full 0):
 garbage-first heap   total 262144K, used 135985K [0x00000000c0000000, 0x0000000100000000)
  region size 1024K, 93 young (95232K), 7 survivors (7168K)
 Metaspace       used 54927K, capacity 59474K, committed 59720K, reserved 1101824K
  class space    used 6061K, capacity 7594K, committed 7628K, reserved 1048576K
}
Event: 5.800 GC heap after
{Heap after GC invocations=11 (full 0):
 garbage-first heap   total 262144K, used 44311K [0x00000000c0000000, 0x0000000100000000)
  region size 1024K, 11 young (11264K), 11 survivors (11264K)
 Metaspace       used 54927K, capacity 59474K, committed 59720K, reserved 1101824K
  class space    used 6061K, capacity 7594K, committed 7628K, reserved 1048576K
}
Event: 6.142 GC heap before
{Heap before GC invocations=11 (full 0):
 garbage-first heap   total 262144K, used 55575K [0x00000000c0000000, 0x0000000100000000)
  region size 1024K, 23 young (23552K), 11 survivors (11264K)
 Metaspace       used 56257K, capacity 60882K, committed 61136K, reserved 1103872K
  class space    used 6220K, capacity 7754K, committed 7884K, reserved 1048576K
}
Event: 6.154 GC heap after
{Heap after GC invocations=12 (full 0):
 garbage-first heap   total 262144K, used 46426K [0x00000000c0000000, 0x0000000100000000)
  region size 1024K, 3 young (3072K), 3 survivors (3072K)
 Metaspace       used 56257K, capacity 60882K, committed 61136K, reserved 1103872K
  class space    used 6220K, capacity 7754K, committed 7884K, reserved 1048576K
}

